e:\visual studio projects\bulls and cows\bullsandcows\bullsandcows\debug\vc142.pdb
e:\visual studio projects\bulls and cows\bullsandcows\bullsandcows\debug\vc142.idb
e:\visual studio projects\bulls and cows\bullsandcows\bullsandcows\debug\fbullcowgame.obj
e:\visual studio projects\bulls and cows\bullsandcows\bullsandcows\debug\main.obj
e:\visual studio projects\bulls and cows\bullsandcows\bullsandcows\debug\bullsandcows.obj
e:\visual studio projects\bulls and cows\bullsandcows\debug\bullsandcows.pdb
e:\visual studio projects\bulls and cows\bullsandcows\bullsandcows\debug\bullsandcows.tlog\cl.command.1.tlog
e:\visual studio projects\bulls and cows\bullsandcows\bullsandcows\debug\bullsandcows.tlog\cl.read.1.tlog
e:\visual studio projects\bulls and cows\bullsandcows\bullsandcows\debug\bullsandcows.tlog\cl.write.1.tlog
e:\visual studio projects\bulls and cows\bullsandcows\bullsandcows\debug\bullsandcows.tlog\link-cvtres.read.1.tlog
e:\visual studio projects\bulls and cows\bullsandcows\bullsandcows\debug\bullsandcows.tlog\link-cvtres.write.1.tlog
e:\visual studio projects\bulls and cows\bullsandcows\bullsandcows\debug\bullsandcows.tlog\link-rc.read.1.tlog
e:\visual studio projects\bulls and cows\bullsandcows\bullsandcows\debug\bullsandcows.tlog\link-rc.write.1.tlog
e:\visual studio projects\bulls and cows\bullsandcows\bullsandcows\debug\bullsandcows.tlog\link.116100-cvtres.read.1.tlog
e:\visual studio projects\bulls and cows\bullsandcows\bullsandcows\debug\bullsandcows.tlog\link.116100-cvtres.write.1.tlog
e:\visual studio projects\bulls and cows\bullsandcows\bullsandcows\debug\bullsandcows.tlog\link.116100-rc.read.1.tlog
e:\visual studio projects\bulls and cows\bullsandcows\bullsandcows\debug\bullsandcows.tlog\link.116100-rc.write.1.tlog
e:\visual studio projects\bulls and cows\bullsandcows\bullsandcows\debug\bullsandcows.tlog\link.116100.read.1.tlog
e:\visual studio projects\bulls and cows\bullsandcows\bullsandcows\debug\bullsandcows.tlog\link.116100.write.1.tlog
e:\visual studio projects\bulls and cows\bullsandcows\bullsandcows\debug\bullsandcows.tlog\link.command.1.tlog
e:\visual studio projects\bulls and cows\bullsandcows\bullsandcows\debug\bullsandcows.tlog\link.read.1.tlog
e:\visual studio projects\bulls and cows\bullsandcows\bullsandcows\debug\bullsandcows.tlog\link.write.1.tlog
